csys,0
alls
lsel,s,loc,z,0
lsel,u,loc,x,0
lsel,u,loc,y,0
nsll,s,1
nsll,u,0
*get,maxx,node,,mxloc,x
*get,maxy,node,,mxloc,y

!!!!!!!!!!!!!!!!!!!!!!!!!!!!!!
! [L2.3] [L2.4]
!!!!!!!!!!!!!!!!!!!!!!!!!!!!!!
asel,s,loc,z,0.5*raise
lsla
lsel,u,loc,x,0
lsel,u,loc,y,0
nsll,s,1

*get,numnode,node,,count
*dim,nodelist,,numnode
*do,i,1,numnode
   *get,thisnode,node,,num,min
   nodelist(i) = thisnode
   nsel,u,node,,thisnode
*enddo 

*cfopen,bPaper,k
*vwrite,'*SET','_','NODE','_','LIST'
(A4,A1,A4,A1,A4)
*vwrite,1,0.0,0.0,0.0,0.0
(F10.0,4F10.3)

*vwrite,nodelist(1)
(F10.0)

*vwrite,'*BOUNDAR','Y_SPC','_SET'
(A8,A5,A4)

*vwrite,1,0,1,1,1,1,1,1
(8F10.0)
*cfclos

nodelist =

!!!!!!!!!!!!!!!!!!!!!!!!!!!!!!
! (L2.1) 
!!!!!!!!!!!!!!!!!!!!!!!!!!!!!!
asel,s,loc,z,0.5*raise
lsla
lsel,r,loc,x,0
nsll,s,0

*get,numnode,node,,count
*dim,nodelist,,numnode
*do,i,1,numnode
   *get,thisnode,node,,num,min
   nodelist(i) = thisnode
   nsel,u,node,,thisnode
*enddo 

*cfopen,bPaper,k,,APPEND
*vwrite,'*SET','_','NODE','_','LIST'
(A4,A1,A4,A1,A4)
*vwrite,2,0.0,0.0,0.0,0.0
(F10.0,4F10.3)

*vwrite,nodelist(1)
(F10.0)

*vwrite,'*BOUNDAR','Y_SPC','_SET'
(A8,A5,A4)

*vwrite,2,0,1,0,0,0,1,1
(8F10.0)
*cfclos

nodelist =

!!!!!!!!!!!!!!!!!!!!!!!!!!!!!!
! (L2.2)
!!!!!!!!!!!!!!!!!!!!!!!!!!!!!!
asel,s,loc,z,0.5*raise
lsla
lsel,r,loc,y,0
nsll,s,0

*get,numnode,node,,count
*dim,nodelist,,numnode
*do,i,1,numnode
   *get,thisnode,node,,num,min
   nodelist(i) = thisnode
   nsel,u,node,,thisnode
*enddo 

*cfopen,bPaper,k,,APPEND
*vwrite,'*SET','_','NODE','_','LIST'
(A4,A1,A4,A1,A4)
*vwrite,3,0.0,0.0,0.0,0.0
(F10.0,4F10.3)

*vwrite,nodelist(1)
(F10.0)

*vwrite,'*BOUNDAR','Y_SPC','_SET'
(A8,A5,A4)

*vwrite,3,0,0,1,0,1,0,1
(8F10.0)
*cfclos

nodelist =

!!!!!!!!!!!!!!!!!!!!!!!!!!!!!!
! P2.1
!!!!!!!!!!!!!!!!!!!!!!!!!!!!!!
asel,s,loc,z,0.5*raise
nsla,s,1
nsel,r,loc,x,0
nsel,r,loc,y,0

*get,numnode,node,,count
*dim,nodelist,,numnode
*do,i,1,numnode
   *get,thisnode,node,,num,min
   nodelist(i) = thisnode
   nsel,u,node,,thisnode
*enddo 

*cfopen,bPaper,k,,APPEND
*vwrite,'*SET','_','NODE','_','LIST'
(A4,A1,A4,A1,A4)
*vwrite,4,0.0,0.0,0.0,0.0
(F10.0,4F10.3)

*vwrite,nodelist(1)
(F10.0)

*vwrite,'*BOUNDAR','Y_SPC','_SET'
(A8,A5,A4)

*vwrite,4,0,1,1,0,1,1,1
(8F10.0)
*cfclos

nodelist =

*cfopen,bPaper,k,,APPEND
*vwrite,'*END'
(A4)

*cfclos

