
!/prep7
!/input,embParams.log
raise = hoehe*0.1 ! raise metal over paper 
auslauf = 1.0
winkel = winkel*3.141592/180

! metal

csys,0
k,1,0,0,raise
k,2,0.5*laenge1,0,raise
k,3,0,0.5*laenge2,raise
k,4,0.5*laenge1+hoehe*tan(winkel),0,raise+hoehe
k,5,0.5*laenge1+hoehe*tan(winkel)+auslauf,0,raise+hoehe
k,6,0,0.5*laenge2+hoehe*tan(winkel),raise+hoehe
k,7,0,0.5*laenge2+hoehe*tan(winkel)+auslauf,raise+hoehe
clocal,11,1,0,0,raise,,,,laenge2/laenge1
l,1,2
metalSiz = (0.5*laenge1+hoehe*tan(winkel))/ndivMet
lesi,1,metalSiz
l,2,3
l,3,1
al,1,2,3

l,3,6
l,6,4
l,4,2
al,2,4,5,6
!a,3,2,4,6

l,4,5
l,5,7
l,7,6
al,5,7,8,9

afillt,1,2,abRadius
lsel,s,line,,5
asll,s
afillt,3,6,abRadius

alls
et,1,63
type,1
mshape,0
!mshkey,1
lesi,all,metalSiz
amesh,all

enorm,1

! papier
k,100,,,-raise*0.5
k,101,0.5*laenge1+hoehe*tan(winkel)+auslauf,,-raise*0.5
k,102,0.5*laenge1+hoehe*tan(winkel)+auslauf,90,-raise*0.5

asel,none
et,2,63
type,2
a,100,101,102
esize,(0.5*laenge1+hoehe*tan(winkel)+auslauf)/ndivPap
amesh,all

! nothing
k,120,,,-raise
k,121,0.5*laenge1+hoehe*tan(winkel)+auslauf,,-raise
k,122,0.5*laenge1+hoehe*tan(winkel)+auslauf,90,-raise
asel,none
et,4,63
type,4
numstr,area,100
a,120,121,122
!esize,(0.5*laenge1+hoehe*tan(winkel)+auslauf)/ndivPap
lsla
lesi,all,,,ndivPap
mshape,0,2D
mshk,1
amesh,all

! gummi
et,3,45
type,3
k,200,,,-raise
k,201,,,-raise-depth

numstr,line,100
l,200,201
lesi,100,,,1*ndivPap,1.5
vdrag,all,,,,,,100

aclear,100
alls
numcmp,all

/input,write.log
/input,boundE.log
/input,boundEPaper.log
/input,history.log
