! get nodes and elements for the paper part
esel,s,type,,2
nsle

*get,numnode,node,,count
*dim,nodelist,,numnode
*do,i,1,numnode
   *get,thisnode,node,,num,min
   nodelist(i) = thisnode
   nsel,u,node,,thisnode
*enddo

*get,elemnode,elem,,count
*dim,elemlist,,elemnode
*do,i,1,elemnode
   *get,thiselem,elem,,num,min
   elemlist(i) = thiselem
   esel,u,elem,,thiselem
*enddo

*cfopen,history,k

*vwrite,'*DATABAS','E_HISTOR','Y_NODE'
(A8,A8,A6)

*vwrite,nodelist(1)
(F10.0)

*vwrite,'*DATABAS','E_HISTOR','Y_SHELL'
(A8,A8,A7)

*vwrite,elemlist(1)
(F10.0)

*vwrite,'*END'
(A4)

*cfclos

nodelist =
elemlist =
