
!/prep7
!/input,embParams.log

auslauf=1.0
raise = hoehe*0.1 ! raise metal over paper 
winkel = winkel*3.141592/180

! metal
k,1,0,0,raise
k,2,0.5*laenge1,0,raise
k,3,0.5*laenge1,0.5*laenge2,raise
k,4,0,0.5*laenge2,raise
k,7,0.5*laenge1+hoehe*tan(winkel),0,raise+hoehe
k,5,0,0.5*laenge2+hoehe*tan(winkel),raise+hoehe
k,6,0.5*laenge1+hoehe*tan(winkel),0.5*laenge2+hoehe*tan(winkel),raise+hoehe

a,1,2,3,4
a,3,2,7,6
a,4,3,6,5

afill,1,2,abRadius
asel,s,loc,z,raise
*get,toparea,area,,num,min
asel,all
afill,toparea,3,abRadius
asel,s,loc,z,raise
*get,toparea,area,,num,min
asel,inve
lsel,s,loc,z,raise
asll,r,0
adele,all,1
alls
lsla,s
lsel,a,loc,y,0
lsel,a,loc,x,0
lsel,inve
ldel,all,1
alls
lplo

asel,s,loc,z,raise
lsla
ksll
ksel,u,loc,x,0
ksel,u,loc,y,0
*get,numk1,kp,,num,min
asel,inve
lsla
ksll
ksel,u,loc,x,0
ksel,u,loc,y,0
ksel,u,loc,z,raise+hoehe
*get,numk2,kp,,num,min

alls
!angleR=atan(laenge2/laenge1)
!angleD = angleR*180/3.14159265
clocal,11,0,kx(numk1),ky(numk1),abRadius,45
!deltaL = sqrt(laenge1*laenge1+laenge2*laenge2)
clocal,12,1,0,0,0,0,90,0,1/sqrt(2)
numstr,line,100
l,numk1,numk2

csys,0
lsel,s,loc,x,kx(numk1),kx(numk2)
lsel,u,loc,z,hoehe+raise
al,all
lsel,s,loc,y,ky(numk1),ky(numk2)
lsel,u,loc,z,hoehe+raise
al,all

k,108,kx(7)+auslauf,,hoehe+raise
k,109,kx(7)+auslauf,ky(5)+auslauf,hoehe+raise
k,1010,0,ky(5)+auslauf,hoehe+raise

numstr,area,100
ksel,all
lsel,all
a,6,7,108,109
a,5,6,109,1010

ksel,s,kp,,6,7
lslk,s,1
asll,s,0
*get,numa1,area,,num,min
*get,numa2,area,,num,max
afill,numa1,numa2,asRadius

ksel,s,kp,,5,6
lslk,s,1
asll,s,0
*get,numa1,area,,num,min
*get,numa2,area,,num,max
afill,numa1,numa2,asRadius

alls
nummrg,kp

mshape,0
!mshkey,1

ksel,s,kp,,1
lslk,s
asll,s
et,1,63
type,1
!esize,(0.5*laenge1+hoehe*tan(winkel)+auslauf)/ndivMet
lsel,all
ksel,all
metalSiz = 0.5*(0.5*laenge1+hoehe*tan(winkel)+auslauf)/ndivMet
esize,metalSiz
amesh,all

asel,inve
amesh,all

alls
enorm,1

! papier
k,1000,,,0.5*raise
k,1001,0.5*laenge1+hoehe*tan(winkel)+auslauf,,0.5*raise
k,1002,0.5*laenge1+hoehe*tan(winkel)+auslauf,0.5*laenge1+hoehe*tan(winkel)+auslauf,0.5*raise
k,1003,,0.5*laenge1+hoehe*tan(winkel)+auslauf,0.5*raise

asel,none
et,2,63
type,2
a,1000,1001,1002,1003
esize,(0.5*laenge1+hoehe*tan(winkel)+auslauf)/ndivPap
amesh,all

! nothing
k,1020
k,1021,0.5*laenge1+hoehe*tan(winkel)+auslauf
k,1022,0.5*laenge1+hoehe*tan(winkel)+auslauf,0.5*laenge1+hoehe*tan(winkel)+auslauf
k,1023,,0.5*laenge1+hoehe*tan(winkel)+auslauf

asel,none
et,4,63
type,4
numstr,area,200
a,1020,1021,1022,1023
esize,(0.5*laenge1+hoehe*tan(winkel)+auslauf)/ndivPap
amesh,all


! gummi
et,3,45
type,3
k,2000
k,2001,,,-depth

numstr,line,1000
l,2000,2001
lesi,1000,,,1*ndivPap,1.5
vdrag,all,,,,,,1000

aclear,200
alls
numcmp,all


/input,write.log
/input,boundR.log
/input,boundRPaper.log
/input,history.log

